<?xml version="1.0" encoding="UTF-8"?>
<testsuite name="(empty)"
	tests="19"
	failures="1"
	disabled="0"
	skipped="2"
	hostname=""
	time="167"
	timestamp="2026-09-13T13:04:41"
	>
	<testcase name="subprocess" classname="subprocess" time="0.440194" status="run">
		<properties/>
		<system-out>Randomness seeded to: 652914299
===============================================================================
All tests passed (69 assertions in 12 test cases)

</system-out>
	</testcase>
	<testcase name="repo_git" classname="repo_git" time="0.98454" status="run">
		<properties/>
		<system-out>Randomness seeded to: 4268940077
===============================================================================
All tests passed (183 assertions in 6 test cases)

</system-out>
	</testcase>
	<testcase name="repo_engine" classname="repo_engine" time="34.5061" status="run">
		<properties/>
		<system-out>Randomness seeded to: 2775549066
===============================================================================
All tests passed (452 assertions in 60 test cases)

</system-out>
	</testcase>
	<testcase name="biv_tests" classname="biv_tests" time="8.81268" status="run">
		<properties/>
		<system-out>Randomness seeded to: 203173193

~~~~~~~~~~~~~~~~~~~~~~~~~~~~~~~~~~~~~~~~~~~~~~~~~~~~~~~~~~~~~~~~~~~~~~~~~~~~~~~
biv_tests is a Catch2 v3.7.1 host application.
Run with -? for options

-------------------------------------------------------------------------------
threshold-parity per-agent distribution self-activates at R-4.29
-------------------------------------------------------------------------------
/work/repo/tests/test_sessions.cpp:1745
...............................................................................

/work/repo/tests/test_sessions.cpp:1749: SKIPPED:
explicitly with message:
  configured-deferred until R-4.29 makes the supported and parse ceilings equal

================================================================================
test cases:   421 |   420 passed | 1 skipped
assertions: 15971 | 15971 passed

</system-out>
	</testcase>
	<testcase name="probe" classname="probe" time="8.35205" status="run">
		<properties/>
		<system-out>Randomness seeded to: 2804994826
===============================================================================
All tests passed (298 assertions in 25 test cases)

</system-out>
	</testcase>
	<testcase name="open_no_rewrite_gate" classname="open_no_rewrite_gate" time="0.0518057" status="run">
		<properties/>
		<system-out></system-out>
	</testcase>
	<testcase name="core_adapter_purity_selftest" classname="core_adapter_purity_selftest" time="0.134477" status="run">
		<properties/>
		<system-out>core-adapter-purity-selftest: OK
</system-out>
	</testcase>
	<testcase name="version_floor_mirror" classname="version_floor_mirror" time="0.165104" status="run">
		<properties/>
		<system-out></system-out>
	</testcase>
	<testcase name="errno_table_gate" classname="errno_table_gate" time="3.65401" status="run">
		<properties/>
		<system-out>errno gate selftest: all eight fixtures behaved as specified
errno gate: switch matches the target-derived mapping exactly (131 entries)
</system-out>
	</testcase>
	<testcase name="probe_envelope_schema" classname="probe_envelope_schema" time="0.204057" status="run">
		<properties/>
		<system-out></system-out>
	</testcase>
	<testcase name="generated_envelope_conforms" classname="generated_envelope_conforms" time="0.229535" status="run">
		<properties/>
		<system-out></system-out>
	</testcase>
	<testcase name="generated_envelope_reset" classname="generated_envelope_reset" time="0.0443449" status="run">
		<properties/>
		<system-out></system-out>
	</testcase>
	<testcase name="harness-selftest" classname="harness-selftest" time="32.4121" status="fail">
		<failure message="Failed"/>
		<properties>
			<property name="cmake_labels" value="harness;selftest"/>
		</properties>
		<system-out>============================= test session starts ==============================
platform linux -- Python 3.12.3, pytest-8.4.2, pluggy-1.6.0
rootdir: /work/repo/harness
collected 1013 items

selftest/test_artifact.py ....                                           [  0%]
selftest/test_cli.py .......                                             [  1%]
selftest/test_cmake.py ......                                            [  1%]
selftest/test_compare.py ...............................                 [  4%]
selftest/test_e3_asserts.py ..........................F................. [  9%]
.....................................F.................................. [ 16%]
........................................................................ [ 23%]
.................................................................F...... [ 30%]
........................................................................ [ 37%]
........................................................................ [ 44%]
........................................................................ [ 51%]
........................................................................ [ 58%]
........................................................................ [ 65%]
........................................................................ [ 73%]
........................................................................ [ 80%]
.................................................................ss...s. [ 87%]
...................                                                      [ 89%]
selftest/test_envelope.py ......                                         [ 89%]
selftest/test_fixtures.py ............                                   [ 90%]
selftest/test_host2_credentials.py ................................      [ 94%]
selftest/test_manifest.py ..........                                     [ 95%]
selftest/test_precheck.py ....                                           [ 95%]
selftest/test_probe_isolation.py .....                                   [ 95%]
selftest/test_report.py ......                                           [ 96%]
selftest/test_run_clang_tidy.py ....                                     [ 96%]
selftest/test_scenario.py ...............                                [ 98%]
selftest/test_scenario_env.py ..                                         [ 98%]
selftest/test_specs.py ...                                               [ 98%]
selftest/test_store_isolation.py ...........                             [100%]

=================================== FAILURES ===================================
_______ test_file_reader_rejects_same_size_cross_chunk_in_place_rewrite ________

monkeypatch = &lt;_pytest.monkeypatch.MonkeyPatch object at 0x7ffffd688260&gt;
tmp_path = PosixPath('/tmp/pytest-of-suite/pytest-0/test_file_reader_rejects_same_0')

    def test_file_reader_rejects_same_size_cross_chunk_in_place_rewrite(
        monkeypatch, tmp_path
    ):
        padding = "x" * (host2_credentials._READ_CHUNK * 2)
        raw = json.dumps(
            {"tokens": {"access_token": "fixture"}, "padding": padding},
            separators=(",", ":"),
        ).encode()
        src = tmp_path / "auth.json"
        dest = tmp_path / "dest" / "auth.json"
        src.write_bytes(raw)
        mutation_offset = host2_credentials._READ_CHUNK + 100
        assert raw[mutation_offset : mutation_offset + 1] == b"x"
        real_read = host2_credentials.os.read
        mutated = []
    
        def mutate_after_first_chunk(fd, size):
            piece = real_read(fd, size)
            if piece and not mutated:
                rewrite_fd = os.open(src, os.O_WRONLY)
                try:
                    os.pwrite(rewrite_fd, b"y", mutation_offset)
                finally:
                    os.close(rewrite_fd)
                mutated.append(True)
            return piece
    
        monkeypatch.setattr(host2_credentials.os, "read", mutate_after_first_chunk)
    
        result = host2_credentials.materialize_file_credential(
            src,
            dest,
            max_bytes=len(raw) + 1,
            shape_ok=host2_credentials.codex_shape_ok,
        )
    
        assert mutated == [True]
&gt;       assert result.status is host2_credentials.CredentialStatus.SOURCE_UNREADABLE
E       AssertionError: assert &lt;CredentialStatus.OK: 'ok'&gt; is &lt;CredentialStatus.SOURCE_UNREADABLE: 'source-unreadable'&gt;
E        +  where &lt;CredentialStatus.OK: 'ok'&gt; = CredentialResult(status=&lt;CredentialStatus.OK: 'ok'&gt;, dest=PosixPath('/tmp/pytest-of-suite/pytest-0/test_file_reader_re...rceIdentity(dev=64, ino=272872, size=32818, digest='53f6b8d14c3f876e2ac3f9e643c4b22d7c3716ccb5ddde8704894471b9c23db6')).status
E        +  and   &lt;CredentialStatus.SOURCE_UNREADABLE: 'source-unreadable'&gt; = &lt;enum 'CredentialStatus'&gt;.SOURCE_UNREADABLE
E        +    where &lt;enum 'CredentialStatus'&gt; = host2_credentials.CredentialStatus

selftest/test_e3_asserts.py:613: AssertionError
______ test_c1_zero_session_control_reds_on_file_inserted_at_scandir_stop ______

monkeypatch = &lt;_pytest.monkeypatch.MonkeyPatch object at 0x7ffffd6869f0&gt;
tmp_path = PosixPath('/tmp/pytest-of-suite/pytest-0/test_c1_zero_session_control_r0')

    def test_c1_zero_session_control_reds_on_file_inserted_at_scandir_stop(
        monkeypatch, tmp_path
    ):
        profile_root = tmp_path / "profiles"
        sessions = profile_root / "codex" / "sessions"
        sessions.mkdir(parents=True)
        (profile_root / "claude-code").mkdir(parents=True)
        mutation = _insert_session_when_scandir_stops(monkeypatch, sessions)
    
        failures = e3._c1_zero_session_failures(
            profile_root,
            _valid_two_agent_spec(),
        )
    
        assert mutation["inserted"]
&gt;       assert any("changed during enumeration" in failure for failure in failures)
E       assert False
E        +  where False = any(&lt;generator object test_c1_zero_session_control_reds_on_file_inserted_at_scandir_stop.&lt;locals&gt;.&lt;genexpr&gt; at 0x7ffffb30dbe0&gt;)

selftest/test_e3_asserts.py:1727: AssertionError
___ test_credential_scanner_detects_entry_added_after_directory_enumeration ____

monkeypatch = &lt;_pytest.monkeypatch.MonkeyPatch object at 0x7ffffd6acfe0&gt;
tmp_path = PosixPath('/tmp/pytest-of-suite/pytest-0/test_credential_scanner_detect1')

    def test_credential_scanner_detects_entry_added_after_directory_enumeration(
        monkeypatch, tmp_path
    ):
        scanner = e3._CredentialScanner()
        (tmp_path / "existing").write_bytes(b"ordinary")
        real_scandir = e3.os.scandir
        mutated = False
    
        class MutatingScandir:
            def __init__(self, descriptor):
                self._entries = real_scandir(descriptor)
    
            def __enter__(self):
                return self
    
            def __exit__(self, *args):
                self._entries.close()
    
            def __iter__(self):
                return self
    
            def __next__(self):
                nonlocal mutated
                try:
                    return next(self._entries)
                except StopIteration:
                    if not mutated:
                        (tmp_path / "late-addition").write_bytes(b"ordinary")
                        mutated = True
                    raise
    
        monkeypatch.setattr(e3.os, "scandir", MutatingScandir)
    
&gt;       assert scanner.scan_tree(tmp_path, set())
E       AssertionError: assert False
E        +  where False = scan_tree(PosixPath('/tmp/pytest-of-suite/pytest-0/test_credential_scanner_detect1'), set())
E        +    where scan_tree = _CredentialScanner().scan_tree
E        +    and   set() = set()

selftest/test_e3_asserts.py:5102: AssertionError
=========================== short test summary info ============================
FAILED selftest/test_e3_asserts.py::test_file_reader_rejects_same_size_cross_chunk_in_place_rewrite
FAILED selftest/test_e3_asserts.py::test_c1_zero_session_control_reds_on_file_inserted_at_scandir_stop
FAILED selftest/test_e3_asserts.py::test_credential_scanner_detects_entry_added_after_directory_enumeration
================== 3 failed, 1007 passed, 3 skipped in 31.91s ==================
</system-out>
	</testcase>
	<testcase name="harness-e2" classname="harness-e2" time="1.87476" status="run">
		<properties>
			<property name="cmake_labels" value="e2;harness"/>
		</properties>
		<system-out></system-out>
	</testcase>
	<testcase name="safety-build-werror" classname="safety-build-werror" time="1.94754" status="run">
		<properties>
			<property name="cmake_labels" value="build;safety"/>
		</properties>
		<system-out>[ 18%] Built target libzstd_static
[ 68%] Built target Catch2
[ 69%] Built target Catch2WithMain
[ 70%] Built target biv_support
[ 70%] Built target biv_probe_test_seam
[ 72%] Built target simdjson
[ 76%] Built target biv_adapters
[ 89%] Built target bivcore
[100%] Built target biv_tests
</system-out>
	</testcase>
	<testcase name="safety-asan-ubsan" classname="safety-asan-ubsan" time="0.0349663" status="notrun">
		<skipped message="SKIP_REGULAR_EXPRESSION_MATCHED"/>
		<properties>
			<property name="cmake_labels" value="harness-skip"/>
		</properties>
		<system-out>SKIP: biv_tests not built with sanitizer flags
</system-out>
	</testcase>
	<testcase name="safety-tidy-analyzer" classname="safety-tidy-analyzer" time="73.0252" status="run">
		<properties>
			<property name="cmake_labels" value="safety;tidy"/>
		</properties>
		<system-out>clang-tidy coverage: 37 results == 37 sources
</system-out>
	</testcase>
	<testcase name="safety-hardening" classname="safety-hardening" time="0.263584" status="run">
		<properties>
			<property name="cmake_labels" value="hardening;safety"/>
		</properties>
		<system-out></system-out>
	</testcase>
	<testcase name="safety-fuzz-smoke" classname="safety-fuzz-smoke" time="0.0607786" status="notrun">
		<skipped message="SKIP_REGULAR_EXPRESSION_MATCHED"/>
		<properties>
			<property name="cmake_labels" value="harness-skip"/>
		</properties>
		<system-out>SKIP: fuzz_manifest_json and fuzz_tar_member targets unavailable
</system-out>
	</testcase>
</testsuite>
